producer_class	xtools.gsea.GseaPreranked
producer_timestamp	1772128002598
param	rpt_label	PDAC_GSEA
param	rnd_seed	timestamp
param	set_min	15
param	zip_report	false
param	create_svgs	false
param	scoring_scheme	weighted
param	rnk	C:\Users\rodel\Desktop\HTHSCI3CP3\data\processed\GSEA\rank.rnk
param	norm	meandiv
param	out	C:\Users\rodel\Desktop\HTHSCI3CP3\data\processed\GSEA
param	mode	Abs_max_of_probes
param	include_only_symbols	true
param	help	false
param	set_max	500
param	gmx	ftp.broadinstitute.org://pub/gsea/msigdb/human/gene_sets/c5.go.bp.v2026.1.Hs.symbols.gmt
param	make_sets	true
param	plot_top_x	20
param	gui	false
param	nperm	1000
param	collapse	No_Collapse

file	C:\Users\rodel\Desktop\HTHSCI3CP3\data\processed\GSEA\PDAC_GSEA.GseaPreranked.1772128002598\index.html
